<html>
<body>
<pre>
<h1>µVision Build Log</h1>
<h2>Tool Versions:</h2>
IDE-Version: £gVision V5.23.0.0
Copyright (C) 2017 ARM Ltd and ARM Germany GmbH. All rights reserved.
License Information: Fu-Ming Tsai, none, LIC=----
 
Tool Versions:
Toolchain:       MDK-Lite  Version: 5.23
Toolchain Path:  C:\Keil_v5\ARM\ARMCC\Bin
C Compiler:      Armcc.exe V5.06 update 4 (build 422)
Assembler:       Armasm.exe V5.06 update 4 (build 422)
Linker/Locator:  ArmLink.exe V5.06 update 4 (build 422)
Library Manager: ArmAr.exe V5.06 update 4 (build 422)
Hex Converter:   FromElf.exe V5.06 update 4 (build 422)
CPU DLL:         SARMCM3.DLL V5.23
Dialog DLL:      DCM.DLL V1.15.0.0
Target DLL:      UL2CM3.DLL V1.159.7.0
Dialog DLL:      TCM.DLL V1.27.0.0
 
<h2>Project:</h2>
C:\Users\H\Desktop\Controller\MDK-ARM\Controller.uvprojx
Project File Date:  10/04/2017

<h2>Output:</h2>
*** Using Compiler 'V5.06 update 4 (build 422)', folder: 'C:\Keil_v5\ARM\ARMCC\Bin'
Build target 'Controller'
<<<<<<< HEAD
compiling stm32f1xx_hal_gpio_ex.c...
compiling stm32f1xx_hal_msp.c...
compiling stm32f1xx_it.c...
../Src/stm32f1xx_it.c(275): warning:  #177-D: variable "tick"  was declared but never referenced
  	static uint16_t tick;
../Src/stm32f1xx_it.c: 1 warning, 0 errors
compiling stm32f1xx_hal_rcc_ex.c...
compiling stm32f1xx_hal.c...
compiling main.c...
../Src/main.c(203): warning:  #223-D: function "UART_Get_All" declared implicitly
  	UART_Get_All();
../Src/main.c(645): error:  #20: identifier "_rept" is undefined
  	
md_rept;
../Src/main.c(848): error:  #159: declaration is incompatible with previous "UART_Get_All"  (declared at line 203)
  void UART_Get_All(void){
../Src/main.c(851): error:  #20: identifier "cmd_all_rept" is undefined
    cmd_all_rept;
../Src/main.c: 1 warning, 3 errors
compiling stm32f1xx_hal_dma.c...
compiling stm32f1xx_hal_gpio.c...
compiling stm32f1xx_hal_adc_ex.c...
compiling stm32f1xx_hal_flash_ex.c...
compiling stm32f1xx_hal_pwr.c...
compiling stm32f1xx_hal_uart.c...
compiling stm32f1xx_hal_adc.c...
compiling stm32f1xx_hal_tim.c...
compiling stm32f1xx_hal_cortex.c...
compiling system_stm32f1xx.c...
compiling stm32f1xx_hal_flash.c...
compiling stm32f1xx_hal_tim_ex.c...
compiling stm32f1xx_hal_rcc.c...
"Controller\Controller.axf" - 3 Error(s), 2 Warning(s).
=======
compiling main.c...
linking...
Program Size: Code=16748 RO-data=492 RW-data=192 ZI-data=1576  
"Controller\Controller.axf" - 0 Error(s), 0 Warning(s).
>>>>>>> parent of fd86e4b... 2017/10/7-21:54

<h2>Software Packages used:</h2>

Package Vendor: ARM
                http://www.keil.com/pack/ARM.CMSIS.5.0.1.pack
                ARM::CMSIS:CORE:5.0.1
                CMSIS (Cortex Microcontroller Software Interface Standard)
   * Component: CORE Version: 5.0.1

<h2>Collection of Component include folders:</h2>
  .\RTE\_Controller
  C:\Keil_v5\ARM\PACK\ARM\CMSIS\5.0.1\CMSIS\Include
  C:\Keil_v5\ARM\PACK\Keil\STM32F1xx_DFP\2.1.0\Device\Include

<h2>Collection of Component Files used:</h2>

   * Component: ARM::CMSIS:CORE:5.0.1
<<<<<<< HEAD
Target not created.
Build Time Elapsed:  00:00:05
=======
Build Time Elapsed:  00:00:01
>>>>>>> parent of fd86e4b... 2017/10/7-21:54
</pre>
</body>
</html>
